<?xml version="1.0" encoding="UTF-8"?>
<!-- Generated by org.testng.reporters.JUnitReportReporter -->
<testsuite hostname="DESKTOP-GINAA10" failures="0" tests="1" name="com.qa.testbase.TestBase" time="23.225" errors="0" timestamp="2022-08-26T13:07:47 IST" skipped="0">
  <testcase classname="com.qa.testbase.TestBase" name="setUp" time="23.225"/>
  <system-out/>
</testsuite> <!-- com.qa.testbase.TestBase -->
